Determining if the pthread_create exist failed with the following output:
Change Dir: /home/administrator/ur_ws/build/CMakeFiles/CMakeTmp

Run Build Command:/usr/bin/make "cmTryCompileExec226724282/fast"
/usr/bin/make -f CMakeFiles/cmTryCompileExec226724282.dir/build.make CMakeFiles/cmTryCompileExec226724282.dir/build
make[1]: Entering directory `/home/administrator/ur_ws/build/CMakeFiles/CMakeTmp'
/usr/bin/cmake -E cmake_progress_report /home/administrator/ur_ws/build/CMakeFiles/CMakeTmp/CMakeFiles 1
Building C object CMakeFiles/cmTryCompileExec226724282.dir/CheckSymbolExists.c.o
/usr/bin/cc    -o CMakeFiles/cmTryCompileExec226724282.dir/CheckSymbolExists.c.o   -c /home/administrator/ur_ws/build/CMakeFiles/CMakeTmp/CheckSymbolExists.c
Linking C executable cmTryCompileExec226724282
/usr/bin/cmake -E cmake_link_script CMakeFiles/cmTryCompileExec226724282.dir/link.txt --verbose=1
/usr/bin/cc       CMakeFiles/cmTryCompileExec226724282.dir/CheckSymbolExists.c.o  -o cmTryCompileExec226724282 -rdynamic 
CMakeFiles/cmTryCompileExec226724282.dir/CheckSymbolExists.c.o: In function `main':
CheckSymbolExists.c:(.text+0x16): undefined reference to `pthread_create'
collect2: error: ld returned 1 exit status
make[1]: *** [cmTryCompileExec226724282] Error 1
make[1]: Leaving directory `/home/administrator/ur_ws/build/CMakeFiles/CMakeTmp'
make: *** [cmTryCompileExec226724282/fast] Error 2

File /home/administrator/ur_ws/build/CMakeFiles/CMakeTmp/CheckSymbolExists.c:
/* */
#include <pthread.h>

int main(int argc, char** argv)
{
  (void)argv;
#ifndef pthread_create
  return ((int*)(&pthread_create))[argc];
#else
  (void)argc;
  return 0;
#endif
}

Determining if the function pthread_create exists in the pthreads failed with the following output:
Change Dir: /home/administrator/ur_ws/build/CMakeFiles/CMakeTmp

Run Build Command:/usr/bin/make "cmTryCompileExec1781444984/fast"
/usr/bin/make -f CMakeFiles/cmTryCompileExec1781444984.dir/build.make CMakeFiles/cmTryCompileExec1781444984.dir/build
make[1]: Entering directory `/home/administrator/ur_ws/build/CMakeFiles/CMakeTmp'
/usr/bin/cmake -E cmake_progress_report /home/administrator/ur_ws/build/CMakeFiles/CMakeTmp/CMakeFiles 1
Building C object CMakeFiles/cmTryCompileExec1781444984.dir/CheckFunctionExists.c.o
/usr/bin/cc   -DCHECK_FUNCTION_EXISTS=pthread_create   -o CMakeFiles/cmTryCompileExec1781444984.dir/CheckFunctionExists.c.o   -c /usr/share/cmake-2.8/Modules/CheckFunctionExists.c
Linking C executable cmTryCompileExec1781444984
/usr/bin/cmake -E cmake_link_script CMakeFiles/cmTryCompileExec1781444984.dir/link.txt --verbose=1
/usr/bin/cc   -DCHECK_FUNCTION_EXISTS=pthread_create    CMakeFiles/cmTryCompileExec1781444984.dir/CheckFunctionExists.c.o  -o cmTryCompileExec1781444984 -rdynamic -lpthreads 
/usr/bin/ld: cannot find -lpthreads
collect2: error: ld returned 1 exit status
make[1]: *** [cmTryCompileExec1781444984] Error 1
make[1]: Leaving directory `/home/administrator/ur_ws/build/CMakeFiles/CMakeTmp'
make: *** [cmTryCompileExec1781444984/fast] Error 2


